<?xml version="1.0" encoding="UTF-8"?>
<!-- Generated by org.testng.reporters.JUnitXMLReporter -->
<testsuite hostname="Lenovo-PC" name="IT-Academy pages testing" tests="4" failures="0" timestamp="5 Jan 2017 01:38:14 GMT" time="23.627" errors="0">
  <testcase name="testHomePage" time="9.367" classname="by.htp.practice.pages.ITAcademyPageTest"/>
  <testcase name="testWhoToLearnMenu" time="3.123" classname="by.htp.practice.pages.ITAcademyPageTest"/>
  <testcase name="testCareerSubmenu" time="2.653" classname="by.htp.practice.pages.ITAcademyPageTest"/>
  <testcase name="testMarketingPage" time="2.576" classname="by.htp.practice.pages.ITAcademyPageTest"/>
</testsuite> <!-- IT-Academy pages testing -->
