<?xml version="1.0" encoding="UTF-8"?>
<!-- Generated by org.testng.reporters.JUnitXMLReporter -->
<testsuite hostname="Lenovo-PC" name="IT-Academy pages testing" tests="4" failures="0" timestamp="5 Jan 2017 21:54:36 GMT" time="25.988" errors="0">
  <testcase name="testHomePage" time="10.044" classname="by.htp.practice.pages.ITAcademyPageTest"/>
  <testcase name="testWhoToLearnMenu" time="3.458" classname="by.htp.practice.pages.ITAcademyPageTest"/>
  <testcase name="testCareerSubmenu" time="3.034" classname="by.htp.practice.pages.ITAcademyPageTest"/>
  <testcase name="testMarketingPage" time="4.44" classname="by.htp.practice.pages.ITAcademyPageTest"/>
</testsuite> <!-- IT-Academy pages testing -->
